2022-08-18T08:50:12+00:00 CRITICAL Cannot use isset() on the result of an expression (you can use "null !== expression" instead) em C:\xampp\htdocs\projectos\wordpress-fibonaci\wp-content\themes\shophistic-lite\framework\functions\woocommerce_support.php na linha 178

2022-08-18T08:59:59+00:00 CRITICAL Uncaught Error: Array callback must have exactly two elements in C:\xampp\htdocs\projectos\wordpress-fibonaci\wp-content\themes\shophistic-lite\framework\functions\woocommerce_support.php:178
Stack trace:
#0 C:\xampp\htdocs\projectos\wordpress-fibonaci\wp-includes\class-wp-hook.php(307): shophistic_lite_template_loop_product_thumbnail('')
#1 C:\xampp\htdocs\projectos\wordpress-fibonaci\wp-includes\class-wp-hook.php(331): WP_Hook->apply_filters(NULL, Array)
#2 C:\xampp\htdocs\projectos\wordpress-fibonaci\wp-includes\plugin.php(476): WP_Hook->do_action(Array)
#3 C:\xampp\htdocs\projectos\wordpress-fibonaci\wp-content\themes\shophistic-lite\woocommerce\content-product.php(52): do_action('woocommerce_bef...')
#4 C:\xampp\htdocs\projectos\wordpress-fibonaci\wp-includes\template.php(772): require('C:\\xampp\\htdocs...')
#5 C:\xampp\htdocs\projectos\wordpress-fibonaci\wp-content\plugins\woocommerce\includes\wc-core-functions.php(284): load_template('C:\\xampp\\htdocs...', false)
#6 C:\xampp\htdocs\projectos\wordpress-fibonaci\wp-content\themes\shophistic-lite\woocommerce\archive-product.php(66): wc_get_template_part('content', 'product')
#7 C:\xampp\htdocs\projectos\wordpress-fibonaci\wp-includes\template-loader.php(106): include('C:\\xampp\\htdocs...')
#8 C:\xampp\htdocs\projectos\wordpress-fibonaci\wp-blog-header.php(19): require_once('C:\\xampp\\htdocs...')
#9 C:\xampp\htdocs\projectos\wordpress-fibonaci\index.php(17): require('C:\\xampp\\htdocs...')
#10 {main}
  thrown em C:\xampp\htdocs\projectos\wordpress-fibonaci\wp-content\themes\shophistic-lite\framework\functions\woocommerce_support.php na linha 178

2022-08-18T09:00:31+00:00 CRITICAL Uncaught Error: Array callback must have exactly two elements in C:\xampp\htdocs\projectos\wordpress-fibonaci\wp-content\themes\shophistic-lite\framework\functions\woocommerce_support.php:178
Stack trace:
#0 C:\xampp\htdocs\projectos\wordpress-fibonaci\wp-includes\class-wp-hook.php(307): shophistic_lite_template_loop_product_thumbnail('')
#1 C:\xampp\htdocs\projectos\wordpress-fibonaci\wp-includes\class-wp-hook.php(331): WP_Hook->apply_filters(NULL, Array)
#2 C:\xampp\htdocs\projectos\wordpress-fibonaci\wp-includes\plugin.php(476): WP_Hook->do_action(Array)
#3 C:\xampp\htdocs\projectos\wordpress-fibonaci\wp-content\themes\shophistic-lite\woocommerce\content-product.php(52): do_action('woocommerce_bef...')
#4 C:\xampp\htdocs\projectos\wordpress-fibonaci\wp-includes\template.php(772): require('C:\\xampp\\htdocs...')
#5 C:\xampp\htdocs\projectos\wordpress-fibonaci\wp-content\plugins\woocommerce\includes\wc-core-functions.php(284): load_template('C:\\xampp\\htdocs...', false)
#6 C:\xampp\htdocs\projectos\wordpress-fibonaci\wp-content\themes\shophistic-lite\woocommerce\archive-product.php(66): wc_get_template_part('content', 'product')
#7 C:\xampp\htdocs\projectos\wordpress-fibonaci\wp-includes\template-loader.php(106): include('C:\\xampp\\htdocs...')
#8 C:\xampp\htdocs\projectos\wordpress-fibonaci\wp-blog-header.php(19): require_once('C:\\xampp\\htdocs...')
#9 C:\xampp\htdocs\projectos\wordpress-fibonaci\index.php(17): require('C:\\xampp\\htdocs...')
#10 {main}
  thrown em C:\xampp\htdocs\projectos\wordpress-fibonaci\wp-content\themes\shophistic-lite\framework\functions\woocommerce_support.php na linha 178

2022-08-18T09:01:03+00:00 CRITICAL syntax error, unexpected token ",", expecting "]" em C:\xampp\htdocs\projectos\wordpress-fibonaci\wp-content\themes\shophistic-lite\framework\functions\woocommerce_support.php na linha 178

2022-08-18T09:01:38+00:00 CRITICAL syntax error, unexpected token ",", expecting "]" em C:\xampp\htdocs\projectos\wordpress-fibonaci\wp-content\themes\shophistic-lite\framework\functions\woocommerce_support.php na linha 178

2022-08-18T09:02:01+00:00 CRITICAL syntax error, unexpected single-quoted string "shop_catalog", expecting ")" em C:\xampp\htdocs\projectos\wordpress-fibonaci\wp-content\themes\shophistic-lite\framework\functions\woocommerce_support.php na linha 178

2022-08-18T09:10:17+00:00 CRITICAL Cannot use [] for reading em C:\xampp\htdocs\projectos\wordpress-fibonaci\wp-content\themes\shophistic-lite\framework\functions\woocommerce_support.php na linha 179

2022-08-18T09:10:48+00:00 CRITICAL Cannot use [] for reading em C:\xampp\htdocs\projectos\wordpress-fibonaci\wp-content\themes\shophistic-lite\framework\functions\woocommerce_support.php na linha 179

