********************************************************************************
DUPLICATOR-LITE PACKAGE-LOG: 22 de August, 2022 8:13
NOTICE: Do NOT post to public sites or forums 
********************************************************************************
VERSION:	1.4.7.2
WORDPRESS:	6.0.1
PHP INFO:	8.1.6 | SAPI: apache2handler
SERVER:		Apache/2.4.53 (Win64) OpenSSL/1.1.1n PHP/8.1.6 
PHP TIME LIMIT: (0) no time limit imposed 
PHP MAX MEMORY: 4294967296 (512M default) 
MEMORY STACK: 116MB

********************************************************************************
DATABASE:
********************************************************************************
BUILD MODE:   MYSQLDUMP
MYSQLTIMEOUT: 5000
MYSQLDUMP:    Is Supported
SQL CREATED: 20220822_fibonacimodelo_841aef1a138af1631508_20220822081052_database.sql
SQL FILE SIZE: 2.95MB (3089014)
SQL FILE TIME: 2022-08-22 08:14:05
SQL RUNTIME: 13.17 sec.

********************************************************************************
ARCHIVE (ZIP):
********************************************************************************
ARCHIVE DIR:  C:/xampp/htdocs/projectos/wordpress-fibonaci
ARCHIVE FILE: 20220822_fibonacimodelo_841aef1a138af1631508_20220822081052_archive.zip
FILTERS: *OFF*
DIRS:
	not set
FILES:
	not set
EXTS:  not set
----------------------------------------
COMPRESSING
SIZE:	232.57MB
STATS:	Dirs 3,487 | Files 20,185
SQL ADDED: 20220822_fibonacimodelo_841aef1a138af1631508_20220822081052_database.sql
ZipArchive Object
(
    [lastId] => 23671
    [status] => 0
    [statusSys] => 0
    [numFiles] => 23672
    [filename] => C:\xampp\htdocs\projectos\wordpress-fibonaci\wp-content\backups-dup-lite\tmp\20220822_fibonacimodelo_841aef1a138af1631508_20220822081052_archive.zip
    [comment] => 
)

FILE ADDED TO ZIP: 23671
COMPRESSION RESULT: '1'
COMPRESSED SIZE: 90.8MB
ARCHIVE RUNTIME: 413.10 sec.
MEMORY STACK: 126MB
building installer
add_extra_files1
add_extra_files2
add_extra_files3
add_extra_files4
Doing archive file check
add_extra_files5
add_extra_files6
add_extra_files8
Successfully opened zip C:/xampp/htdocs/projectos/wordpress-fibonaci/wp-content/backups-dup-lite/tmp/20220822_fibonacimodelo_841aef1a138af1631508_20220822081052_archive.zip
Adding enhanced installer files to archive using ZipArchive
Installer files added to archive
Added to archive
After ziparchive close when adding installer

********************************************************************************
INTEGRITY CHECKS:
********************************************************************************
SQL FILE: 2.95MB
INSTALLER FILE: 64.74KB
ARCHIVE FILE: 91.96MB 
EXPECTED FILE/DIRECTORY COUNT: 23,672
ACTUAL FILE/DIRECTORY COUNT: 23,671
ARCHIVE CONSISTENCY TEST: Pass

********************************************************************************
RECORD ID:[1]
TOTAL PROCESS RUNTIME: 431.42 sec.
PEAK PHP MEMORY USED: 130MB
DONE PROCESSING => 20220822_fibonacimodelo 22 de August, 2022 8:21

